proguard/seeds.txt
android.support.v4.widget.ContentLoadingProgressBar
android.support.v4.widget.ContentLoadingProgressBar: int MIN_SHOW_TIME
android.support.v4.widget.ContentLoadingProgressBar: int MIN_DELAY
android.support.v4.widget.ContentLoadingProgressBar: long mStartTime
android.support.v4.widget.ContentLoadingProgressBar: boolean mPostedHide
android.support.v4.widget.ContentLoadingProgressBar: boolean mPostedShow
android.support.v4.widget.ContentLoadingProgressBar: boolean mDismissed
android.support.v4.widget.ContentLoadingProgressBar: java.lang.Runnable mDelayedHide
android.support.v4.widget.ContentLoadingProgressBar: java.lang.Runnable mDelayedShow
android.support.v4.widget.ContentLoadingProgressBar: ContentLoadingProgressBar(android.content.Context)
android.support.v4.widget.ContentLoadingProgressBar: ContentLoadingProgressBar(android.content.Context,android.util.AttributeSet)
android.support.v4.widget.ContentLoadingProgressBar: void onAttachedToWindow()
android.support.v4.widget.ContentLoadingProgressBar: void onDetachedFromWindow()
android.support.v4.widget.ContentLoadingProgressBar: void removeCallbacks()
android.support.v4.widget.ContentLoadingProgressBar: void hide()
android.support.v4.widget.ContentLoadingProgressBar: void show()
android.support.v4.widget.ContentLoadingProgressBar: boolean access$002(android.support.v4.widget.ContentLoadingProgressBar,boolean)
android.support.v4.widget.ContentLoadingProgressBar$1
android.support.v4.widget.ContentLoadingProgressBar$1: android.support.v4.widget.ContentLoadingProgressBar this$0
android.support.v4.widget.ContentLoadingProgressBar$1: ContentLoadingProgressBar$1(android.support.v4.widget.ContentLoadingProgressBar)
android.support.v4.widget.ContentLoadingProgressBar$1: void run()
android.support.v4.widget.ContentLoadingProgressBar$2
android.support.v4.widget.ContentLoadingProgressBar$2: android.support.v4.widget.ContentLoadingProgressBar this$0
android.support.v4.widget.ContentLoadingProgressBar$2: ContentLoadingProgressBar$2(android.support.v4.widget.ContentLoadingProgressBar)
android.support.v4.widget.ContentLoadingProgressBar$2: void run()
android.support.v4.widget.CursorAdapter
android.support.v4.widget.CursorAdapter: boolean mDataValid
android.support.v4.widget.CursorAdapter: boolean mAutoRequery
android.support.v4.widget.CursorAdapter: android.database.Cursor mCursor
android.support.v4.widget.CursorAdapter: android.content.Context mContext
android.support.v4.widget.CursorAdapter: int mRowIDColumn
android.support.v4.widget.CursorAdapter: android.support.v4.widget.CursorAdapter$ChangeObserver mChangeObserver
android.support.v4.widget.CursorAdapter: android.database.DataSetObserver mDataSetObserver
android.support.v4.widget.CursorAdapter: android.support.v4.widget.CursorFilter mCursorFilter
android.support.v4.widget.CursorAdapter: android.widget.FilterQueryProvider mFilterQueryProvider
android.support.v4.widget.CursorAdapter: int FLAG_AUTO_REQUERY
android.support.v4.widget.CursorAdapter: int FLAG_REGISTER_CONTENT_OBSERVER
android.support.v4.widget.CursorAdapter: CursorAdapter(android.content.Context,android.database.Cursor)
android.support.v4.widget.CursorAdapter: CursorAdapter(android.content.Context,android.database.Cursor,boolean)
android.support.v4.widget.CursorAdapter: CursorAdapter(android.content.Context,android.database.Cursor,int)
android.support.v4.widget.CursorAdapter: void init(android.content.Context,android.database.Cursor,boolean)
android.support.v4.widget.CursorAdapter: void init(android.content.Context,android.database.Cursor,int)
android.support.v4.widget.CursorAdapter$1