proguard/mapping.txt
com.actionbarsherlock.internal.nineoldandroids.animation.IntEvaluator -> com.actionbarsherlock.internal.nineoldandroids.animation.IntEvaluator:
    java.lang.Integer evaluate(float,java.lang.Integer,java.lang.Integer) -> evaluate
    java.lang.Object evaluate(float,java.lang.Object,java.lang.Object) -> evaluate
com.actionbarsherlock.internal.nineoldandroids.animation.IntKeyframeSet -> com.actionbarsherlock.internal.nineoldandroids.animation.IntKeyframeSet:
    int firstValue -> firstValue
    int lastValue -> lastValue
    int deltaValue -> deltaValue
    boolean firstTime -> firstTime
    java.lang.Object getValue(float) -> getValue
    com.actionbarsherlock.internal.nineoldandroids.animation.IntKeyframeSet clone() -> clone
    int getIntValue(float) -> getIntValue
    com.actionbarsherlock.internal.nineoldandroids.animation.KeyframeSet clone() -> clone
com.actionbarsherlock.internal.nineoldandroids.animation.Keyframe -> com.actionbarsherlock.internal.nineoldandroids.animation.Keyframe:
    float mFraction -> mFraction
    java.lang.Class mValueType -> mValueType
    android.view.animation.Interpolator mInterpolator -> mInterpolator
    boolean mHasValue -> mHasValue
    com.actionbarsherlock.internal.nineoldandroids.animation.Keyframe ofInt(float,int) -> ofInt
    com.actionbarsherlock.internal.nineoldandroids.animation.Keyframe ofInt(float) -> ofInt
    com.actionbarsherlock.internal.nineoldandroids.animation.Keyframe ofFloat(float,float) -> ofFloat
    com.actionbarsherlock.internal.nineoldandroids.animation.Keyframe ofFloat(float) -> ofFloat
    com.actionbarsherlock.internal.nineoldandroids.animation.Keyframe ofObject(float,java.lang.Object) -> ofObject
    com.actionbarsherlock.internal.nineoldandroids.animation.Keyframe ofObject(float) -> ofObject
    boolean hasValue() -> hasValue
    java.lang.Object getValue() -> getValue
    void setValue(java.lang.Object) -> setValue
    float getFraction() -> getFraction
    void setFraction(float) -> setFraction
    android.view.animation.Interpolator getInterpolator() -> getInterpolator
    void setInterpolator(android.view.animation.Interpolator) -> setInterpolator
    java.lang.Class getType() -> getType
    com.actionbarsherlock.internal.nineoldandroids.animation.Keyframe clone() -> clone
    java.lang.Object clone() -> clone
com.actionbarsherlock.internal.nineoldandroids.animation.Keyframe$FloatKeyframe -> com.actionbarsherlock.internal.nineoldandroids.animation.Keyframe$FloatKeyframe:
    float mValue -> mValue
    float getFloatValue() -> getFloatValue
    java.lang.Object getValue() -> getValue
    void setValue(java.lang.Object) -> setValue
    com.actionbarsherlock.internal.nineoldandroids.animation.Keyframe$FloatKeyframe clone() -> clone
    com.actionbarsherlock.internal.nineoldandroids.animation.Keyframe clone() -> clone
com.actionbarsherlock.internal.nineoldandroids.animation.Keyframe$IntKeyframe -> com.actionbarsherlock.internal.nineoldandroids.animation.Keyframe$IntKeyframe:
    int mValue -> mValue
    int getIntValue() -> getIntValue
    java.lang.Object getValue() -> getValue
    void setValue(java.lang.Object) -> setValue
    com.actionbarsherlock.internal.nineoldandroids.animation.Keyframe$IntKeyframe clone() -> clone
    com.actionbarsherlock.internal.nineoldandroids.animation.Keyframe clone() -> clone
com.actionbarsherlock.internal.nineoldandroids.animation.Keyframe$ObjectKeyframe -> com.actionbarsherlock.internal.nineoldandroids.animation.Keyframe$ObjectKeyframe:
    java.lang.Object mValue -> mValue
    java.lang.Object getValue() -> getValue
    void setValue(java.lang.Object) -> setValue
    com.actionbarsherlock.internal.nineoldandroids.animation.Keyframe$ObjectKeyframe clone() -> clone
    com.actionbarsherlock.internal.nineoldandroids.animation.Keyframe clone() -> clone